# JRE version: OpenJDK Runtime Environment Temurin-21.0.5+11 (21.0.5+11) (build 21.0.5+11-LTS)
# Java VM: OpenJDK 64-Bit Server VM Temurin-21.0.5+11 (21.0.5+11-LTS, mixed mode, sharing, tiered, compressed oops, compressed class ptrs, parallel gc, windows-amd64)
GC Precious Log:
 CardTable entry size: 512
 CPUs: 8 total, 8 available
 Memory: 7926M
 Large Page Support: Disabled
 NUMA Support: Disabled
 Compressed Oops: Enabled (32-bit)
 Alignments: Space 512K, Generation 512K, Heap 2M
 Heap Min Capacity: 100M
 Heap Initial Capacity: 100M
 Heap Max Capacity: 1G
 Pre-touch: Disabled
 Parallel Workers: 8
Heap:
 PSYoungGen      total 11264K, used 10878K [0x00000000eab00000, 0x00000000ebb00000, 0x0000000100000000)
  eden space 6656K, 96% used [0x00000000eab00000,0x00000000eb140168,0x00000000eb180000)
  from space 4608K, 97% used [0x00000000eb680000,0x00000000ebadf920,0x00000000ebb00000)
  to   space 4608K, 0% used [0x00000000eb180000,0x00000000eb180000,0x00000000eb600000)
 ParOldGen       total 515584K, used 515387K [0x00000000c0000000, 0x00000000df780000, 0x00000000eab00000)
  object space 515584K, 99% used [0x00000000c0000000,0x00000000df74efa8,0x00000000df780000)
 Metaspace       used 68684K, committed 70080K, reserved 1114112K
  class space    used 7254K, committed 7872K, reserved 1048576K
GC Heap History (20 events):
Event: 47.926 GC heap before
{Heap before GC invocations=530 (full 3):
 PSYoungGen      total 13824K, used 13683K [0x00000000eab00000, 0x00000000ebf00000, 0x0000000100000000)
  eden space 7168K, 100% used [0x00000000eab00000,0x00000000eb200000,0x00000000eb200000)
  from space 6656K, 97% used [0x00000000eb880000,0x00000000ebedcc30,0x00000000ebf00000)
  to   space 6656K, 0% used [0x00000000eb200000,0x00000000eb200000,0x00000000eb880000)
 ParOldGen       total 473600K, used 473535K [0x00000000c0000000, 0x00000000dce80000, 0x00000000eab00000)
  object space 473600K, 99% used [0x00000000c0000000,0x00000000dce6fc68,0x00000000dce80000)
 Metaspace       used 68478K, committed 69952K, reserved 1114112K
  class space    used 7238K, committed 7872K, reserved 1048576K
}
Event: 47.938 GC heap after
{Heap after GC invocations=530 (full 3):
 PSYoungGen      total 13824K, used 6630K [0x00000000eab00000, 0x00000000ecf00000, 0x0000000100000000)
  eden space 7168K, 0% used [0x00000000eab00000,0x00000000eab00000,0x00000000eb200000)
  from space 6656K, 99% used [0x00000000eb200000,0x00000000eb879a30,0x00000000eb880000)
  to   space 14848K, 0% used [0x00000000ec080000,0x00000000ec080000,0x00000000ecf00000)
 ParOldGen       total 480768K, used 480432K [0x00000000c0000000, 0x00000000dd580000, 0x00000000eab00000)
  object space 480768K, 99% used [0x00000000c0000000,0x00000000dd52c168,0x00000000dd580000)
 Metaspace       used 68478K, committed 69952K, reserved 1114112K
  class space    used 7238K, committed 7872K, reserved 1048576K
}
Event: 48.070 GC heap before
{Heap before GC invocations=531 (full 3):
 PSYoungGen      total 13824K, used 13798K [0x00000000eab00000, 0x00000000ecf00000, 0x0000000100000000)
  eden space 7168K, 100% used [0x00000000eab00000,0x00000000eb200000,0x00000000eb200000)
  from space 6656K, 99% used [0x00000000eb200000,0x00000000eb879a30,0x00000000eb880000)
  to   space 14848K, 0% used [0x00000000ec080000,0x00000000ec080000,0x00000000ecf00000)
 ParOldGen       total 480768K, used 480432K [0x00000000c0000000, 0x00000000dd580000, 0x00000000eab00000)
  object space 480768K, 99% used [0x00000000c0000000,0x00000000dd52c168,0x00000000dd580000)
 Metaspace       used 68478K, committed 69952K, reserved 1114112K
  class space    used 7238K, committed 7872K, reserved 1048576K
}
Event: 48.082 GC heap after
{Heap after GC invocations=531 (full 3):
 PSYoungGen      total 14848K, used 7294K [0x00000000eab00000, 0x00000000ec800000, 0x0000000100000000)
  eden space 7168K, 0% used [0x00000000eab00000,0x00000000eab00000,0x00000000eb200000)
  from space 7680K, 94% used [0x00000000ec080000,0x00000000ec79f8d0,0x00000000ec800000)
  to   space 9728K, 0% used [0x00000000eb500000,0x00000000eb500000,0x00000000ebe80000)
 ParOldGen       total 487424K, used 487085K [0x00000000c0000000, 0x00000000ddc00000, 0x00000000eab00000)
  object space 487424K, 99% used [0x00000000c0000000,0x00000000ddbab4c0,0x00000000ddc00000)
 Metaspace       used 68478K, committed 69952K, reserved 1114112K
  class space    used 7238K, committed 7872K, reserved 1048576K
}
Event: 48.245 GC heap before
{Heap before GC invocations=532 (full 3):
 PSYoungGen      total 14848K, used 14462K [0x00000000eab00000, 0x00000000ec800000, 0x0000000100000000)
  eden space 7168K, 100% used [0x00000000eab00000,0x00000000eb200000,0x00000000eb200000)
  from space 7680K, 94% used [0x00000000ec080000,0x00000000ec79f8d0,0x00000000ec800000)
  to   space 9728K, 0% used [0x00000000eb500000,0x00000000eb500000,0x00000000ebe80000)
 ParOldGen       total 487424K, used 487085K [0x00000000c0000000, 0x00000000ddc00000, 0x00000000eab00000)
  object space 487424K, 99% used [0x00000000c0000000,0x00000000ddbab4c0,0x00000000ddc00000)
 Metaspace       used 68500K, committed 69952K, reserved 1114112K
  class space    used 7238K, committed 7872K, reserved 1048576K
}
Event: 48.259 GC heap after
{Heap after GC invocations=532 (full 3):
 PSYoungGen      total 13312K, used 5731K [0x00000000eab00000, 0x00000000ec100000, 0x0000000100000000)
  eden space 7168K, 0% used [0x00000000eab00000,0x00000000eab00000,0x00000000eb200000)
  from space 6144K, 93% used [0x00000000eb500000,0x00000000eba98cf0,0x00000000ebb00000)
  to   space 6144K, 0% used [0x00000000ebb00000,0x00000000ebb00000,0x00000000ec100000)
 ParOldGen       total 494080K, used 493786K [0x00000000c0000000, 0x00000000de280000, 0x00000000eab00000)
  object space 494080K, 99% used [0x00000000c0000000,0x00000000de236b68,0x00000000de280000)
 Metaspace       used 68500K, committed 69952K, reserved 1114112K
  class space    used 7238K, committed 7872K, reserved 1048576K
}
Event: 48.854 GC heap before
{Heap before GC invocations=533 (full 3):
 PSYoungGen      total 13312K, used 12899K [0x00000000eab00000, 0x00000000ec100000, 0x0000000100000000)
  eden space 7168K, 100% used [0x00000000eab00000,0x00000000eb200000,0x00000000eb200000)
  from space 6144K, 93% used [0x00000000eb500000,0x00000000eba98cf0,0x00000000ebb00000)
  to   space 6144K, 0% used [0x00000000ebb00000,0x00000000ebb00000,0x00000000ec100000)
 ParOldGen       total 494080K, used 493786K [0x00000000c0000000, 0x00000000de280000, 0x00000000eab00000)
  object space 494080K, 99% used [0x00000000c0000000,0x00000000de236b68,0x00000000de280000)
 Metaspace       used 68516K, committed 69952K, reserved 1114112K
  class space    used 7240K, committed 7872K, reserved 1048576K
}
Event: 48.862 GC heap after
{Heap after GC invocations=533 (full 3):
 PSYoungGen      total 11776K, used 4354K [0x00000000eab00000, 0x00000000ebf80000, 0x0000000100000000)
  eden space 7168K, 0% used [0x00000000eab00000,0x00000000eab00000,0x00000000eb200000)
  from space 4608K, 94% used [0x00000000ebb00000,0x00000000ebf40b48,0x00000000ebf80000)
  to   space 5120K, 0% used [0x00000000eb580000,0x00000000eb580000,0x00000000eba80000)
 ParOldGen       total 499200K, used 499025K [0x00000000c0000000, 0x00000000de780000, 0x00000000eab00000)
  object space 499200K, 99% used [0x00000000c0000000,0x00000000de754788,0x00000000de780000)
 Metaspace       used 68516K, committed 69952K, reserved 1114112K
  class space    used 7240K, committed 7872K, reserved 1048576K
}
Event: 48.895 GC heap before
{Heap before GC invocations=534 (full 3):
 PSYoungGen      total 11776K, used 11522K [0x00000000eab00000, 0x00000000ebf80000, 0x0000000100000000)
  eden space 7168K, 100% used [0x00000000eab00000,0x00000000eb200000,0x00000000eb200000)
  from space 4608K, 94% used [0x00000000ebb00000,0x00000000ebf40b48,0x00000000ebf80000)
  to   space 5120K, 0% used [0x00000000eb580000,0x00000000eb580000,0x00000000eba80000)
 ParOldGen       total 499200K, used 499025K [0x00000000c0000000, 0x00000000de780000, 0x00000000eab00000)
  object space 499200K, 99% used [0x00000000c0000000,0x00000000de754788,0x00000000de780000)
 Metaspace       used 68517K, committed 69952K, reserved 1114112K
  class space    used 7240K, committed 7872K, reserved 1048576K
}
Event: 48.900 GC heap after
{Heap after GC invocations=534 (full 3):
 PSYoungGen      total 8192K, used 859K [0x00000000eab00000, 0x00000000ebb80000, 0x0000000100000000)
  eden space 7168K, 0% used [0x00000000eab00000,0x00000000eab00000,0x00000000eb200000)
  from space 1024K, 83% used [0x00000000eb580000,0x00000000eb656c08,0x00000000eb680000)
  to   space 2560K, 0% used [0x00000000eb900000,0x00000000eb900000,0x00000000ebb80000)
 ParOldGen       total 503808K, used 503324K [0x00000000c0000000, 0x00000000dec00000, 0x00000000eab00000)
  object space 503808K, 99% used [0x00000000c0000000,0x00000000deb872d0,0x00000000dec00000)
 Metaspace       used 68517K, committed 69952K, reserved 1114112K
  class space    used 7240K, committed 7872K, reserved 1048576K
}
Event: 48.985 GC heap before
{Heap before GC invocations=535 (full 3):
 PSYoungGen      total 8192K, used 8027K [0x00000000eab00000, 0x00000000ebb80000, 0x0000000100000000)
  eden space 7168K, 100% used [0x00000000eab00000,0x00000000eb200000,0x00000000eb200000)
  from space 1024K, 83% used [0x00000000eb580000,0x00000000eb656c08,0x00000000eb680000)
  to   space 2560K, 0% used [0x00000000eb900000,0x00000000eb900000,0x00000000ebb80000)
 ParOldGen       total 503808K, used 503324K [0x00000000c0000000, 0x00000000dec00000, 0x00000000eab00000)
  object space 503808K, 99% used [0x00000000c0000000,0x00000000deb872d0,0x00000000dec00000)
 Metaspace       used 68524K, committed 69952K, reserved 1114112K
  class space    used 7242K, committed 7872K, reserved 1048576K
}
Event: 48.988 GC heap after
{Heap after GC invocations=535 (full 3):
 PSYoungGen      total 8192K, used 854K [0x00000000eab00000, 0x00000000eba00000, 0x0000000100000000)
  eden space 7168K, 0% used [0x00000000eab00000,0x00000000eab00000,0x00000000eb200000)
  from space 1024K, 83% used [0x00000000eb900000,0x00000000eb9d5808,0x00000000eba00000)
  to   space 1536K, 0% used [0x00000000eb700000,0x00000000eb700000,0x00000000eb880000)
 ParOldGen       total 504320K, used 504028K [0x00000000c0000000, 0x00000000dec80000, 0x00000000eab00000)
  object space 504320K, 99% used [0x00000000c0000000,0x00000000dec372d0,0x00000000dec80000)
 Metaspace       used 68524K, committed 69952K, reserved 1114112K
  class space    used 7242K, committed 7872K, reserved 1048576K
}
Event: 49.058 GC heap before
{Heap before GC invocations=536 (full 3):
 PSYoungGen      total 8192K, used 8022K [0x00000000eab00000, 0x00000000eba00000, 0x0000000100000000)
  eden space 7168K, 100% used [0x00000000eab00000,0x00000000eb200000,0x00000000eb200000)
  from space 1024K, 83% used [0x00000000eb900000,0x00000000eb9d5808,0x00000000eba00000)
  to   space 1536K, 0% used [0x00000000eb700000,0x00000000eb700000,0x00000000eb880000)
 ParOldGen       total 504320K, used 504028K [0x00000000c0000000, 0x00000000dec80000, 0x00000000eab00000)
  object space 504320K, 99% used [0x00000000c0000000,0x00000000dec372d0,0x00000000dec80000)
 Metaspace       used 68598K, committed 70016K, reserved 1114112K
  class space    used 7249K, committed 7872K, reserved 1048576K
}
Event: 49.061 GC heap after
{Heap after GC invocations=536 (full 3):
 PSYoungGen      total 8704K, used 1528K [0x00000000eab00000, 0x00000000eb980000, 0x0000000100000000)
  eden space 7168K, 0% used [0x00000000eab00000,0x00000000eab00000,0x00000000eb200000)
  from space 1536K, 99% used [0x00000000eb700000,0x00000000eb87e058,0x00000000eb880000)
  to   space 1024K, 0% used [0x00000000eb880000,0x00000000eb880000,0x00000000eb980000)
 ParOldGen       total 505344K, used 505234K [0x00000000c0000000, 0x00000000ded80000, 0x00000000eab00000)
  object space 505344K, 99% used [0x00000000c0000000,0x00000000ded64ad8,0x00000000ded80000)
 Metaspace       used 68598K, committed 70016K, reserved 1114112K
  class space    used 7249K, committed 7872K, reserved 1048576K
}
Event: 49.081 GC heap before
{Heap before GC invocations=537 (full 3):
 PSYoungGen      total 8704K, used 8696K [0x00000000eab00000, 0x00000000eb980000, 0x0000000100000000)
  eden space 7168K, 100% used [0x00000000eab00000,0x00000000eb200000,0x00000000eb200000)
  from space 1536K, 99% used [0x00000000eb700000,0x00000000eb87e058,0x00000000eb880000)
  to   space 1024K, 0% used [0x00000000eb880000,0x00000000eb880000,0x00000000eb980000)
 ParOldGen       total 505344K, used 505234K [0x00000000c0000000, 0x00000000ded80000, 0x00000000eab00000)
  object space 505344K, 99% used [0x00000000c0000000,0x00000000ded64ad8,0x00000000ded80000)
 Metaspace       used 68603K, committed 70016K, reserved 1114112K
  class space    used 7251K, committed 7872K, reserved 1048576K
}
Event: 49.088 GC heap after
{Heap after GC invocations=537 (full 3):
 PSYoungGen      total 7680K, used 1003K [0x00000000eab00000, 0x00000000ec000000, 0x0000000100000000)
  eden space 6656K, 0% used [0x00000000eab00000,0x00000000eab00000,0x00000000eb180000)
  from space 1024K, 98% used [0x00000000eb880000,0x00000000eb97af68,0x00000000eb980000)
  to   space 7168K, 0% used [0x00000000eb180000,0x00000000eb180000,0x00000000eb880000)
 ParOldGen       total 510976K, used 510548K [0x00000000c0000000, 0x00000000df300000, 0x00000000eab00000)
  object space 510976K, 99% used [0x00000000c0000000,0x00000000df295030,0x00000000df300000)
 Metaspace       used 68603K, committed 70016K, reserved 1114112K
  class space    used 7251K, committed 7872K, reserved 1048576K
}
Event: 49.148 GC heap before
{Heap before GC invocations=538 (full 3):
 PSYoungGen      total 7680K, used 7648K [0x00000000eab00000, 0x00000000ec000000, 0x0000000100000000)
  eden space 6656K, 99% used [0x00000000eab00000,0x00000000eb17d208,0x00000000eb180000)
  from space 1024K, 98% used [0x00000000eb880000,0x00000000eb97af68,0x00000000eb980000)
  to   space 7168K, 0% used [0x00000000eb180000,0x00000000eb180000,0x00000000eb880000)
 ParOldGen       total 510976K, used 510548K [0x00000000c0000000, 0x00000000df300000, 0x00000000eab00000)
  object space 510976K, 99% used [0x00000000c0000000,0x00000000df295030,0x00000000df300000)
 Metaspace       used 68627K, committed 70080K, reserved 1114112K
  class space    used 7251K, committed 7872K, reserved 1048576K
}
Event: 49.153 GC heap after
{Heap after GC invocations=538 (full 3):
 PSYoungGen      total 11264K, used 4231K [0x00000000eab00000, 0x00000000ebb80000, 0x0000000100000000)
  eden space 6656K, 0% used [0x00000000eab00000,0x00000000eab00000,0x00000000eb180000)
  from space 4608K, 91% used [0x00000000eb180000,0x00000000eb5a1fd8,0x00000000eb600000)
  to   space 5120K, 0% used [0x00000000eb680000,0x00000000eb680000,0x00000000ebb80000)
 ParOldGen       total 511488K, used 511452K [0x00000000c0000000, 0x00000000df380000, 0x00000000eab00000)
  object space 511488K, 99% used [0x00000000c0000000,0x00000000df377030,0x00000000df380000)
 Metaspace       used 68627K, committed 70080K, reserved 1114112K
  class space    used 7251K, committed 7872K, reserved 1048576K
}
Event: 49.214 GC heap before
{Heap before GC invocations=539 (full 3):
 PSYoungGen      total 11264K, used 10830K [0x00000000eab00000, 0x00000000ebb80000, 0x0000000100000000)
  eden space 6656K, 99% used [0x00000000eab00000,0x00000000eb171ab0,0x00000000eb180000)
  from space 4608K, 91% used [0x00000000eb180000,0x00000000eb5a1fd8,0x00000000eb600000)
  to   space 5120K, 0% used [0x00000000eb680000,0x00000000eb680000,0x00000000ebb80000)
 ParOldGen       total 511488K, used 511452K [0x00000000c0000000, 0x00000000df380000, 0x00000000eab00000)
  object space 511488K, 99% used [0x00000000c0000000,0x00000000df377030,0x00000000df380000)
 Metaspace       used 68629K, committed 70080K, reserved 1114112K
  class space    used 7251K, committed 7872K, reserved 1048576K
}
Event: 49.222 GC heap after
{Heap after GC invocations=539 (full 3):
 PSYoungGen      total 11264K, used 4478K [0x00000000eab00000, 0x00000000ebb00000, 0x0000000100000000)
  eden space 6656K, 0% used [0x00000000eab00000,0x00000000eab00000,0x00000000eb180000)
  from space 4608K, 97% used [0x00000000eb680000,0x00000000ebadf920,0x00000000ebb00000)
  to   space 4608K, 0% used [0x00000000eb180000,0x00000000eb180000,0x00000000eb600000)
 ParOldGen       total 515584K, used 515387K [0x00000000c0000000, 0x00000000df780000, 0x00000000eab00000)
  object space 515584K, 99% used [0x00000000c0000000,0x00000000df74efa8,0x00000000df780000)
 Metaspace       used 68629K, committed 70080K, reserved 1114112K
  class space    used 7251K, committed 7872K, reserved 1048576K
}

